#
# A fatal error has been detected by the Java Runtime Environment:
#
#  SIGSEGV (0xb) at pc=0x00007ff7498eab07, pid=2758, tid=140699765790464
#
# JRE version: OpenJDK Runtime Environment (7.0_75-b13) (build 1.7.0_75-b13)
# Java VM: OpenJDK 64-Bit Server VM (24.75-b04 mixed mode linux-amd64 compressed oops)
# Derivative: IcedTea 2.5.4
# Distribution: Ubuntu 14.04 LTS, package 7u75-2.5.4-1~trusty1
# Problematic frame:
# V  [libjvm.so+0x5e8b07]  java_lang_String::length(oopDesc*) [clone .part.108]+0x37
#
# Failed to write core dump. Core dumps have been disabled. To enable core dumping, try "ulimit -c unlimited" before starting Java again
#
# If you would like to submit a bug report, please include
# instructions on how to reproduce the bug and visit:
#   http://icedtea.classpath.org/bugzilla
#

---------------  T H R E A D  ---------------

Current thread (0x00007ff7440b5000):  JavaThread "JDWP Transport Listener: dt_socket" daemon [_thread_in_vm, id=2775, stack(0x00007ff7377f5000,0x00007ff7378f6000)]

siginfo:si_signo=SIGSEGV: si_errno=0, si_code=1 (SEGV_MAPERR), si_addr=0x000000000000000c

Registers:
RAX=0x0000000000000000, RBX=0x0000000000000001, RCX=0x00007ff74a537320, RDX=0x000000000000000c
RSP=0x00007ff7378f4a10, RBP=0x00007ff7378f4a10, RSI=0x00007ff7140054b0, RDI=0x00000000ec325f60
R8 =0x0000000000000001, R9 =0x00007ff714000078, R10=0x0000000000000000, R11=0x0000000000000206
R12=0x0000000000000000, R13=0x0000000000000000, R14=0x00007ff7378f4b80, R15=0x0000000000000000
RIP=0x00007ff7498eab07, EFLAGS=0x0000000000010246, CSGSFS=0x0000000000000033, ERR=0x0000000000000004
  TRAPNO=0x000000000000000e

Top of Stack: (sp=0x00007ff7378f4a10)
0x00007ff7378f4a10:   00007ff7378f4a40 00007ff7498eb5d5
0x00007ff7378f4a20:   00007ff7378f4a60 00007ff7440b5000
0x00007ff7378f4a30:   00007ff7140054b0 00000000ec325f60
0x00007ff7378f4a40:   00007ff7378f4ab0 00007ff7498fbc02
0x00007ff7378f4a50:   00007ff7440b51d8 00007ff748499f00
0x00007ff7378f4a60:   00007ff7440b5000 0000000000000000
0x00007ff7378f4a70:   00007ff7440b51d8 00007ff7140054b0
0x00007ff7378f4a80:   00007ff7378f4b50 00007ff7440b51d8
0x00007ff7378f4a90:   00007ff748499f00 00007ff7140054b0
0x00007ff7378f4aa0:   00007ff7378f4b80 00007ff748499f00
0x00007ff7378f4ab0:   00007ff7378f4af0 00007ff748268022
0x00007ff7378f4ac0:   00007ff7378f4b50 0000000000010a00
0x00007ff7378f4ad0:   00007ff7378f4b50 000000000000000a
0x00007ff7378f4ae0:   00007ff7378f4b80 00007ff748499f00
0x00007ff7378f4af0:   00007ff7378f4d40 00007ff748270688
0x00007ff7378f4b00:   00002cb600000013 00007ff714010a00
0x00007ff7378f4b10:   00007ff70c001010 00007ff7498f57cc
0x00007ff7378f4b20:   00007ff7440b7440 00007ff70c000801
0x00007ff7378f4b30:   00002cb600000013 00007ff714010a00
0x00007ff7378f4b40:   00007ff70c001010 00007ff7440ac688
0x00007ff7378f4b50:   00007ff70c001018 000000000000000b
0x00007ff7378f4b60:   00002cb600000013 00007ff714010a00
0x00007ff7378f4b70:   00007ff70c001010 00007ff714008330
0x00007ff7378f4b80:   00007ff7378f4bd0 000000000000012c
0x00007ff7378f4b90:   00007ff7378f4b98 00007ff700000000
0x00007ff7378f4ba0:   00007ff7378f4bd0 0000000000000000
0x00007ff7378f4bb0:   00007f0000000000 00002cb600000013
0x00007ff7378f4bc0:   00007ff700004c80 00007ff7378f4bd0
0x00007ff7378f4bd0:   6e69616d04000000 0000000000000000
0x00007ff7378f4be0:   7369687404000000 76616a4c12000000
0x00007ff7378f4bf0:   532f676e616c2f61 00003b676e697274
0x00007ff7378f4c00:   0000430000000000 0000000000000000 

Instructions: (pc=0x00007ff7498eab07)
0x00007ff7498eaae7:   8b 14 07 31 c0 85 d2 74 12 89 d0 48 8d 15 27 99
0x00007ff7498eaaf7:   7d 00 8b 4a 08 48 d3 e0 48 03 02 ba 0c 00 00 00
0x00007ff7498eab07:   8b 04 10 5d c3 0f 1f 40 00 48 8b 04 07 ba 10 00
0x00007ff7498eab17:   00 00 5d 8b 04 10 c3 66 90 55 48 8d 46 10 48 89 

Register to memory mapping:

RAX=0x0000000000000000 is an unknown value
RBX=0x0000000000000001 is an unknown value
RCX=0x00007ff74a537320: <offset 0x219320> in /lib/x86_64-linux-gnu/libpthread.so.0 at 0x00007ff74a31e000
RDX=0x000000000000000c is an unknown value
RSP=0x00007ff7378f4a10 is pointing into the stack for thread: 0x00007ff7440b5000
RBP=0x00007ff7378f4a10 is pointing into the stack for thread: 0x00007ff7440b5000
RSI=0x00007ff7140054b0 is a global jni handle
RDI=0x00000000ec325f60 is an oop
java.lang.String 
 - klass: 'java/lang/String'
R8 =0x0000000000000001 is an unknown value
R9 =0x00007ff714000078 is an unknown value
R10=0x0000000000000000 is an unknown value
R11=0x0000000000000206 is an unknown value
R12=0x0000000000000000 is an unknown value
R13=0x0000000000000000 is an unknown value
R14=0x00007ff7378f4b80 is pointing into the stack for thread: 0x00007ff7440b5000
R15=0x0000000000000000 is an unknown value


Stack: [0x00007ff7377f5000,0x00007ff7378f6000],  sp=0x00007ff7378f4a10,  free space=1022k
Native frames: (J=compiled Java code, j=interpreted, Vv=VM code, C=native code)
V  [libjvm.so+0x5e8b07]  java_lang_String::length(oopDesc*) [clone .part.108]+0x37
V  [libjvm.so+0x5e95d5]  java_lang_String::utf8_length(oopDesc*)+0x95
V  [libjvm.so+0x5f9c02]  jni_GetStringUTFChars+0x72
C  [libjdwp.so+0x9022]
C  [libjdwp.so+0x11688]
C  [libjdwp.so+0x23795]
V  [libjvm.so+0x6aa50b]  JvmtiAgentThread::start_function_wrapper(JavaThread*, Thread*)+0x9b
V  [libjvm.so+0x900940]  JavaThread::thread_main_inner()+0xf0
V  [libjvm.so+0x900bb1]  JavaThread::run()+0x221
V  [libjvm.so+0x7c4a42]  java_start(Thread*)+0xf2


---------------  P R O C E S S  ---------------

Java Threads: ( => current thread )
  0x00007ff7440c0000 JavaThread "Service Thread" daemon [_thread_blocked, id=2783, stack(0x00007ff7372f0000,0x00007ff7373f1000)]
  0x00007ff7440be000 JavaThread "C2 CompilerThread1" daemon [_thread_blocked, id=2782, stack(0x00007ff7373f1000,0x00007ff7374f2000)]
  0x00007ff7440bb000 JavaThread "C2 CompilerThread0" daemon [_thread_blocked, id=2781, stack(0x00007ff7374f2000,0x00007ff7375f3000)]
  0x00007ff714001000 JavaThread "JDWP Command Reader" daemon [_thread_in_native, id=2777, stack(0x00007ff7375f3000,0x00007ff7376f4000)]
  0x00007ff7440b8800 JavaThread "JDWP Event Helper Thread" daemon [_thread_blocked, id=2776, stack(0x00007ff7376f4000,0x00007ff7377f5000)]
=>0x00007ff7440b5000 JavaThread "JDWP Transport Listener: dt_socket" daemon [_thread_in_vm, id=2775, stack(0x00007ff7377f5000,0x00007ff7378f6000)]
  0x00007ff7440a8800 JavaThread "Signal Dispatcher" daemon [_thread_blocked, id=2773, stack(0x00007ff737afb000,0x00007ff737bfc000)]
  0x00007ff74407e000 JavaThread "Finalizer" daemon [_thread_blocked, id=2772, stack(0x00007ff737bfc000,0x00007ff737cfd000)]
  0x00007ff74407c000 JavaThread "Reference Handler" daemon [_thread_blocked, id=2771, stack(0x00007ff737cfd000,0x00007ff737dfe000)]
  0x00007ff74400c800 JavaThread "main" [_thread_blocked, id=2764, stack(0x00007ff74ae0c000,0x00007ff74af0d000)]

Other Threads:
  0x00007ff744077800 VMThread [stack: 0x00007ff737dfe000,0x00007ff737eff000] [id=2770]
  0x00007ff7440cb000 WatcherThread [stack: 0x00007ff7371ef000,0x00007ff7372f0000] [id=2784]

VM state:not at safepoint (normal execution)

VM Mutex/Monitor currently owned by a thread: None

Heap
 PSYoungGen      total 17920K, used 1229K [0x00000000ec200000, 0x00000000ed600000, 0x0000000100000000)
  eden space 15360K, 8% used [0x00000000ec200000,0x00000000ec333460,0x00000000ed100000)
  from space 2560K, 0% used [0x00000000ed380000,0x00000000ed380000,0x00000000ed600000)
  to   space 2560K, 0% used [0x00000000ed100000,0x00000000ed100000,0x00000000ed380000)
 ParOldGen       total 40448K, used 0K [0x00000000c4600000, 0x00000000c6d80000, 0x00000000ec200000)
  object space 40448K, 0% used [0x00000000c4600000,0x00000000c4600000,0x00000000c6d80000)
 PSPermGen       total 21504K, used 3532K [0x00000000ba000000, 0x00000000bb500000, 0x00000000c4600000)
  object space 21504K, 16% used [0x00000000ba000000,0x00000000ba373078,0x00000000bb500000)

Card table byte_map: [0x00007ff73fca8000,0x00007ff73fed9000] byte_map_base: 0x00007ff73f6d8000

Polling page: 0x00007ff74af32000

Code Cache  [0x00007ff73fed9000, 0x00007ff740149000, 0x00007ff742ed9000)
 total_blobs=168 nmethods=0 adapters=145 free_code_cache=48771Kb largest_free_block=49942016

Compilation events (0 events):
No events

GC Heap History (0 events):
No events

Deoptimization events (0 events):
No events

Internal exceptions (10 events):
Event: 0.372 Thread 0x00007ff74400c800 Threw 0x00000000ec2476f0 at /build/buildd/openjdk-7-7u75-2.5.4/build/openjdk/hotspot/src/share/vm/prims/jvm.cpp:1284
Event: 0.372 Thread 0x00007ff74400c800 Threw 0x00000000ec24a968 at /build/buildd/openjdk-7-7u75-2.5.4/build/openjdk/hotspot/src/share/vm/prims/jvm.cpp:1284
Event: 0.379 Thread 0x00007ff74400c800 Threw 0x00000000ec2e9fd0 at /build/buildd/openjdk-7-7u75-2.5.4/build/openjdk/hotspot/src/share/vm/prims/jvm.cpp:1284
Event: 0.393 Thread 0x00007ff74400c800 Threw 0x00000000ec307378 at /build/buildd/openjdk-7-7u75-2.5.4/build/openjdk/hotspot/src/share/vm/prims/jvm.cpp:1284
Event: 0.393 Thread 0x00007ff74400c800 Threw 0x00000000ec3074a0 at /build/buildd/openjdk-7-7u75-2.5.4/build/openjdk/hotspot/src/share/vm/prims/jvm.cpp:1284
Event: 0.393 Thread 0x00007ff74400c800 Threw 0x00000000ec309a50 at /build/buildd/openjdk-7-7u75-2.5.4/build/openjdk/hotspot/src/share/vm/prims/jvm.cpp:1284
Event: 0.393 Thread 0x00007ff74400c800 Threw 0x00000000ec309b78 at /build/buildd/openjdk-7-7u75-2.5.4/build/openjdk/hotspot/src/share/vm/prims/jvm.cpp:1284
Event: 0.393 Thread 0x00007ff74400c800 Threw 0x00000000ec30a478 at /build/buildd/openjdk-7-7u75-2.5.4/build/openjdk/hotspot/src/share/vm/prims/jvm.cpp:1284
Event: 0.393 Thread 0x00007ff74400c800 Threw 0x00000000ec30a5a0 at /build/buildd/openjdk-7-7u75-2.5.4/build/openjdk/hotspot/src/share/vm/prims/jvm.cpp:1284
Event: 9.472 Thread 0x00007ff74400c800 Threw 0x00000000ec31baa8 at /build/buildd/openjdk-7-7u75-2.5.4/build/openjdk/hotspot/src/share/vm/prims/jvm.cpp:1284

Events (10 events):
Event: 263.945 Executing VM operation: GetCurrentLocation
Event: 263.945 Executing VM operation: GetCurrentLocation done
Event: 263.945 Executing VM operation: ChangeSingleStep
Event: 263.945 Executing VM operation: ChangeSingleStep done
Event: 263.946 Executing VM operation: ChangeSingleStep
Event: 263.946 Executing VM operation: ChangeSingleStep done
Event: 263.959 Executing VM operation: GetOrSetLocal
Event: 263.959 Executing VM operation: GetOrSetLocal done
Event: 263.967 Executing VM operation: GetOrSetLocal
Event: 263.967 Executing VM operation: GetOrSetLocal done


Dynamic libraries:
00400000-00401000 r-xp 00000000 08:06 18744437                           /usr/lib/jvm/java-7-openjdk-amd64/jre/bin/java
00600000-00601000 r--p 00000000 08:06 18744437                           /usr/lib/jvm/java-7-openjdk-amd64/jre/bin/java
00601000-00602000 rw-p 00001000 08:06 18744437                           /usr/lib/jvm/java-7-openjdk-amd64/jre/bin/java
01869000-0188a000 rw-p 00000000 00:00 0                                  [heap]
ba000000-bb500000 rw-p 00000000 00:00 0 
bb500000-c4600000 rw-p 00000000 00:00 0 
c4600000-c6d80000 rw-p 00000000 00:00 0 
c6d80000-ec200000 rw-p 00000000 00:00 0 
ec200000-ed600000 rw-p 00000000 00:00 0 
ed600000-100000000 rw-p 00000000 00:00 0 
7ff6f8000000-7ff6f8021000 rw-p 00000000 00:00 0 
7ff6f8021000-7ff6fc000000 ---p 00000000 00:00 0 
7ff6fc000000-7ff6fc021000 rw-p 00000000 00:00 0 
7ff6fc021000-7ff700000000 ---p 00000000 00:00 0 
7ff700000000-7ff700021000 rw-p 00000000 00:00 0 
7ff700021000-7ff704000000 ---p 00000000 00:00 0 
7ff704000000-7ff704021000 rw-p 00000000 00:00 0 
7ff704021000-7ff708000000 ---p 00000000 00:00 0 
7ff708000000-7ff708021000 rw-p 00000000 00:00 0 
7ff708021000-7ff70c000000 ---p 00000000 00:00 0 
7ff70c000000-7ff70c021000 rw-p 00000000 00:00 0 
7ff70c021000-7ff710000000 ---p 00000000 00:00 0 
7ff710000000-7ff710021000 rw-p 00000000 00:00 0 
7ff710021000-7ff714000000 ---p 00000000 00:00 0 
7ff714000000-7ff714021000 rw-p 00000000 00:00 0 
7ff714021000-7ff718000000 ---p 00000000 00:00 0 
7ff718000000-7ff718021000 rw-p 00000000 00:00 0 
7ff718021000-7ff71c000000 ---p 00000000 00:00 0 
7ff71c000000-7ff71c021000 rw-p 00000000 00:00 0 
7ff71c021000-7ff720000000 ---p 00000000 00:00 0 
7ff720000000-7ff720021000 rw-p 00000000 00:00 0 
7ff720021000-7ff724000000 ---p 00000000 00:00 0 
7ff724000000-7ff724021000 rw-p 00000000 00:00 0 
7ff724021000-7ff728000000 ---p 00000000 00:00 0 
7ff728000000-7ff728021000 rw-p 00000000 00:00 0 
7ff728021000-7ff72c000000 ---p 00000000 00:00 0 
7ff730000000-7ff730021000 rw-p 00000000 00:00 0 
7ff730021000-7ff734000000 ---p 00000000 00:00 0 
7ff736fb5000-7ff7371ef000 rw-p 00000000 00:00 0 
7ff7371ef000-7ff7371f0000 ---p 00000000 00:00 0 
7ff7371f0000-7ff7372f0000 rw-p 00000000 00:00 0                          [stack:2784]
7ff7372f0000-7ff7372f3000 ---p 00000000 00:00 0 
7ff7372f3000-7ff7373f1000 rw-p 00000000 00:00 0                          [stack:2783]
7ff7373f1000-7ff7373f4000 ---p 00000000 00:00 0 
7ff7373f4000-7ff7374f2000 rw-p 00000000 00:00 0                          [stack:2782]
7ff7374f2000-7ff7374f5000 ---p 00000000 00:00 0 
7ff7374f5000-7ff7375f3000 rw-p 00000000 00:00 0                          [stack:2781]
7ff7375f3000-7ff7375f6000 ---p 00000000 00:00 0 
7ff7375f6000-7ff7376f4000 rw-p 00000000 00:00 0                          [stack:2777]
7ff7376f4000-7ff7376f7000 ---p 00000000 00:00 0 
7ff7376f7000-7ff7377f5000 rw-p 00000000 00:00 0                          [stack:2776]
7ff7377f5000-7ff7377f8000 ---p 00000000 00:00 0 
7ff7377f8000-7ff7378f6000 rw-p 00000000 00:00 0                          [stack:2775]
7ff7378f6000-7ff7378fa000 r-xp 00000000 08:06 18617925                   /usr/lib/jvm/java-7-openjdk-amd64/jre/lib/amd64/libdt_socket.so
7ff7378fa000-7ff737af9000 ---p 00004000 08:06 18617925                   /usr/lib/jvm/java-7-openjdk-amd64/jre/lib/amd64/libdt_socket.so
7ff737af9000-7ff737afa000 r--p 00003000 08:06 18617925                   /usr/lib/jvm/java-7-openjdk-amd64/jre/lib/amd64/libdt_socket.so
7ff737afa000-7ff737afb000 rw-p 00004000 08:06 18617925                   /usr/lib/jvm/java-7-openjdk-amd64/jre/lib/amd64/libdt_socket.so
7ff737afb000-7ff737afe000 ---p 00000000 00:00 0 
7ff737afe000-7ff737bfc000 rw-p 00000000 00:00 0                          [stack:2773]
7ff737bfc000-7ff737bff000 ---p 00000000 00:00 0 
7ff737bff000-7ff737cfd000 rw-p 00000000 00:00 0                          [stack:2772]
7ff737cfd000-7ff737d00000 ---p 00000000 00:00 0 
7ff737d00000-7ff737dfe000 rw-p 00000000 00:00 0                          [stack:2771]
7ff737dfe000-7ff737dff000 ---p 00000000 00:00 0 
7ff737dff000-7ff738000000 rw-p 00000000 00:00 0                          [stack:2770]
7ff738000000-7ff738021000 rw-p 00000000 00:00 0 
7ff738021000-7ff73c000000 ---p 00000000 00:00 0 
7ff73c08f000-7ff73cf8b000 rw-p 00000000 00:00 0 
7ff73cf8b000-7ff73d13d000 r--s 01d23000 08:06 18616388                   /usr/lib/jvm/java-7-openjdk-amd64/jre/lib/rt.jar
7ff73d13d000-7ff73f766000 rw-p 00000000 00:00 0 
7ff73f766000-7ff73f767000 ---p 00000000 00:00 0 
7ff73f767000-7ff73f867000 rw-p 00000000 00:00 0                          [stack:2769]
7ff73f867000-7ff73f868000 ---p 00000000 00:00 0 
7ff73f868000-7ff73f968000 rw-p 00000000 00:00 0                          [stack:2768]
7ff73f968000-7ff73f969000 ---p 00000000 00:00 0 
7ff73f969000-7ff73fa69000 rw-p 00000000 00:00 0                          [stack:2767]
7ff73fa69000-7ff73fa6a000 ---p 00000000 00:00 0 
7ff73fa6a000-7ff73fb7e000 rw-p 00000000 00:00 0                          [stack:2766]
7ff73fb7e000-7ff73fca8000 rw-p 00000000 00:00 0 
7ff73fca8000-7ff73fcb3000 rw-p 00000000 00:00 0 
7ff73fcb3000-7ff73fcfb000 rw-p 00000000 00:00 0 
7ff73fcfb000-7ff73fd0f000 rw-p 00000000 00:00 0 
7ff73fd0f000-7ff73fe39000 rw-p 00000000 00:00 0 
7ff73fe39000-7ff73fe43000 rw-p 00000000 00:00 0 
7ff73fe43000-7ff73fed8000 rw-p 00000000 00:00 0 
7ff73fed8000-7ff73fed9000 rw-p 00000000 00:00 0 
7ff73fed9000-7ff740149000 rwxp 00000000 00:00 0 
7ff740149000-7ff742ed9000 rw-p 00000000 00:00 0 
7ff742ed9000-7ff742ee1000 r-xp 00000000 08:06 18617929                   /usr/lib/jvm/java-7-openjdk-amd64/jre/lib/amd64/libzip.so
7ff742ee1000-7ff7430e0000 ---p 00008000 08:06 18617929                   /usr/lib/jvm/java-7-openjdk-amd64/jre/lib/amd64/libzip.so
7ff7430e0000-7ff7430e1000 r--p 00007000 08:06 18617929                   /usr/lib/jvm/java-7-openjdk-amd64/jre/lib/amd64/libzip.so
7ff7430e1000-7ff7430e2000 rw-p 00008000 08:06 18617929                   /usr/lib/jvm/java-7-openjdk-amd64/jre/lib/amd64/libzip.so
7ff7430e2000-7ff7430ed000 r-xp 00000000 08:06 23726433                   /lib/x86_64-linux-gnu/libnss_files-2.19.so
7ff7430ed000-7ff7432ec000 ---p 0000b000 08:06 23726433                   /lib/x86_64-linux-gnu/libnss_files-2.19.so
7ff7432ec000-7ff7432ed000 r--p 0000a000 08:06 23726433                   /lib/x86_64-linux-gnu/libnss_files-2.19.so
7ff7432ed000-7ff7432ee000 rw-p 0000b000 08:06 23726433                   /lib/x86_64-linux-gnu/libnss_files-2.19.so
7ff7432ee000-7ff7432f9000 r-xp 00000000 08:06 23731451                   /lib/x86_64-linux-gnu/libnss_nis-2.19.so
7ff7432f9000-7ff7434f8000 ---p 0000b000 08:06 23731451                   /lib/x86_64-linux-gnu/libnss_nis-2.19.so
7ff7434f8000-7ff7434f9000 r--p 0000a000 08:06 23731451                   /lib/x86_64-linux-gnu/libnss_nis-2.19.so
7ff7434f9000-7ff7434fa000 rw-p 0000b000 08:06 23731451                   /lib/x86_64-linux-gnu/libnss_nis-2.19.so
7ff7434fa000-7ff743511000 r-xp 00000000 08:06 23731440                   /lib/x86_64-linux-gnu/libnsl-2.19.so
7ff743511000-7ff743710000 ---p 00017000 08:06 23731440                   /lib/x86_64-linux-gnu/libnsl-2.19.so
7ff743710000-7ff743711000 r--p 00016000 08:06 23731440                   /lib/x86_64-linux-gnu/libnsl-2.19.so
7ff743711000-7ff743712000 rw-p 00017000 08:06 23731440                   /lib/x86_64-linux-gnu/libnsl-2.19.so
7ff743712000-7ff743714000 rw-p 00000000 00:00 0 
7ff743714000-7ff74371d000 r-xp 00000000 08:06 23731439                   /lib/x86_64-linux-gnu/libnss_compat-2.19.so
7ff74371d000-7ff74391c000 ---p 00009000 08:06 23731439                   /lib/x86_64-linux-gnu/libnss_compat-2.19.so
7ff74391c000-7ff74391d000 r--p 00008000 08:06 23731439                   /lib/x86_64-linux-gnu/libnss_compat-2.19.so
7ff74391d000-7ff74391e000 rw-p 00009000 08:06 23731439                   /lib/x86_64-linux-gnu/libnss_compat-2.19.so
7ff74391e000-7ff744000000 r--p 00000000 08:06 17177169                   /usr/lib/locale/locale-archive
7ff744000000-7ff744153000 rw-p 00000000 00:00 0 
7ff744153000-7ff748000000 ---p 00000000 00:00 0 
7ff748008000-7ff748013000 rw-p 00000000 00:00 0 
7ff748013000-7ff74805b000 rw-p 00000000 00:00 0 
7ff74805b000-7ff74805e000 r-xp 00000000 08:06 18616410                   /usr/lib/jvm/java-7-openjdk-amd64/jre/lib/amd64/libnpt.so
7ff74805e000-7ff74825d000 ---p 00003000 08:06 18616410                   /usr/lib/jvm/java-7-openjdk-amd64/jre/lib/amd64/libnpt.so
7ff74825d000-7ff74825e000 r--p 00002000 08:06 18616410                   /usr/lib/jvm/java-7-openjdk-amd64/jre/lib/amd64/libnpt.so
7ff74825e000-7ff74825f000 rw-p 00003000 08:06 18616410                   /usr/lib/jvm/java-7-openjdk-amd64/jre/lib/amd64/libnpt.so
7ff74825f000-7ff748299000 r-xp 00000000 08:06 18616416                   /usr/lib/jvm/java-7-openjdk-amd64/jre/lib/amd64/libjdwp.so
7ff748299000-7ff748498000 ---p 0003a000 08:06 18616416                   /usr/lib/jvm/java-7-openjdk-amd64/jre/lib/amd64/libjdwp.so
7ff748498000-7ff748499000 r--p 00039000 08:06 18616416                   /usr/lib/jvm/java-7-openjdk-amd64/jre/lib/amd64/libjdwp.so
7ff748499000-7ff74849a000 rw-p 0003a000 08:06 18616416                   /usr/lib/jvm/java-7-openjdk-amd64/jre/lib/amd64/libjdwp.so
7ff74849a000-7ff7484c5000 r-xp 00000000 08:06 18617899                   /usr/lib/jvm/java-7-openjdk-amd64/jre/lib/amd64/libjava.so
7ff7484c5000-7ff7486c5000 ---p 0002b000 08:06 18617899                   /usr/lib/jvm/java-7-openjdk-amd64/jre/lib/amd64/libjava.so
7ff7486c5000-7ff7486c6000 r--p 0002b000 08:06 18617899                   /usr/lib/jvm/java-7-openjdk-amd64/jre/lib/amd64/libjava.so
7ff7486c6000-7ff7486c8000 rw-p 0002c000 08:06 18617899                   /usr/lib/jvm/java-7-openjdk-amd64/jre/lib/amd64/libjava.so
7ff7486c8000-7ff7486d8000 r-xp 00000000 08:06 18617897                   /usr/lib/jvm/java-7-openjdk-amd64/jre/lib/amd64/libverify.so
7ff7486d8000-7ff7488d7000 ---p 00010000 08:06 18617897                   /usr/lib/jvm/java-7-openjdk-amd64/jre/lib/amd64/libverify.so
7ff7488d7000-7ff7488d9000 r--p 0000f000 08:06 18617897                   /usr/lib/jvm/java-7-openjdk-amd64/jre/lib/amd64/libverify.so
7ff7488d9000-7ff7488da000 rw-p 00011000 08:06 18617897                   /usr/lib/jvm/java-7-openjdk-amd64/jre/lib/amd64/libverify.so
7ff7488da000-7ff7488e1000 r-xp 00000000 08:06 23731448                   /lib/x86_64-linux-gnu/librt-2.19.so
7ff7488e1000-7ff748ae0000 ---p 00007000 08:06 23731448                   /lib/x86_64-linux-gnu/librt-2.19.so
7ff748ae0000-7ff748ae1000 r--p 00006000 08:06 23731448                   /lib/x86_64-linux-gnu/librt-2.19.so
7ff748ae1000-7ff748ae2000 rw-p 00007000 08:06 23731448                   /lib/x86_64-linux-gnu/librt-2.19.so
7ff748ae2000-7ff748af8000 r-xp 00000000 08:06 23725221                   /lib/x86_64-linux-gnu/libgcc_s.so.1
7ff748af8000-7ff748cf7000 ---p 00016000 08:06 23725221                   /lib/x86_64-linux-gnu/libgcc_s.so.1
7ff748cf7000-7ff748cf8000 rw-p 00015000 08:06 23725221                   /lib/x86_64-linux-gnu/libgcc_s.so.1
7ff748cf8000-7ff748dfd000 r-xp 00000000 08:06 23726431                   /lib/x86_64-linux-gnu/libm-2.19.so
7ff748dfd000-7ff748ffc000 ---p 00105000 08:06 23726431                   /lib/x86_64-linux-gnu/libm-2.19.so
7ff748ffc000-7ff748ffd000 r--p 00104000 08:06 23726431                   /lib/x86_64-linux-gnu/libm-2.19.so
7ff748ffd000-7ff748ffe000 rw-p 00105000 08:06 23726431                   /lib/x86_64-linux-gnu/libm-2.19.so
7ff748ffe000-7ff7490e4000 r-xp 00000000 08:06 17179060                   /usr/lib/x86_64-linux-gnu/libstdc++.so.6.0.19
7ff7490e4000-7ff7492e3000 ---p 000e6000 08:06 17179060                   /usr/lib/x86_64-linux-gnu/libstdc++.so.6.0.19
7ff7492e3000-7ff7492eb000 r--p 000e5000 08:06 17179060                   /usr/lib/x86_64-linux-gnu/libstdc++.so.6.0.19
7ff7492eb000-7ff7492ed000 rw-p 000ed000 08:06 17179060                   /usr/lib/x86_64-linux-gnu/libstdc++.so.6.0.19
7ff7492ed000-7ff749302000 rw-p 00000000 00:00 0 
7ff749302000-7ff749e1a000 r-xp 00000000 08:06 18617907                   /usr/lib/jvm/java-7-openjdk-amd64/jre/lib/amd64/server/libjvm.so
7ff749e1a000-7ff74a01a000 ---p 00b18000 08:06 18617907                   /usr/lib/jvm/java-7-openjdk-amd64/jre/lib/amd64/server/libjvm.so
7ff74a01a000-7ff74a0b4000 r--p 00b18000 08:06 18617907                   /usr/lib/jvm/java-7-openjdk-amd64/jre/lib/amd64/server/libjvm.so
7ff74a0b4000-7ff74a0d7000 rw-p 00bb2000 08:06 18617907                   /usr/lib/jvm/java-7-openjdk-amd64/jre/lib/amd64/server/libjvm.so
7ff74a0d7000-7ff74a105000 rw-p 00000000 00:00 0 
7ff74a105000-7ff74a11d000 r-xp 00000000 08:06 23728137                   /lib/x86_64-linux-gnu/libz.so.1.2.8
7ff74a11d000-7ff74a31c000 ---p 00018000 08:06 23728137                   /lib/x86_64-linux-gnu/libz.so.1.2.8
7ff74a31c000-7ff74a31d000 r--p 00017000 08:06 23728137                   /lib/x86_64-linux-gnu/libz.so.1.2.8
7ff74a31d000-7ff74a31e000 rw-p 00018000 08:06 23728137                   /lib/x86_64-linux-gnu/libz.so.1.2.8
7ff74a31e000-7ff74a337000 r-xp 00000000 08:06 23731446                   /lib/x86_64-linux-gnu/libpthread-2.19.so
7ff74a337000-7ff74a536000 ---p 00019000 08:06 23731446                   /lib/x86_64-linux-gnu/libpthread-2.19.so
7ff74a536000-7ff74a537000 r--p 00018000 08:06 23731446                   /lib/x86_64-linux-gnu/libpthread-2.19.so
7ff74a537000-7ff74a538000 rw-p 00019000 08:06 23731446                   /lib/x86_64-linux-gnu/libpthread-2.19.so
7ff74a538000-7ff74a53c000 rw-p 00000000 00:00 0 
7ff74a53c000-7ff74a53f000 r-xp 00000000 08:06 23731434                   /lib/x86_64-linux-gnu/libdl-2.19.so
7ff74a53f000-7ff74a73e000 ---p 00003000 08:06 23731434                   /lib/x86_64-linux-gnu/libdl-2.19.so
7ff74a73e000-7ff74a73f000 r--p 00002000 08:06 23731434                   /lib/x86_64-linux-gnu/libdl-2.19.so
7ff74a73f000-7ff74a740000 rw-p 00003000 08:06 23731434                   /lib/x86_64-linux-gnu/libdl-2.19.so
7ff74a740000-7ff74a8fb000 r-xp 00000000 08:06 23731445                   /lib/x86_64-linux-gnu/libc-2.19.so
7ff74a8fb000-7ff74aafa000 ---p 001bb000 08:06 23731445                   /lib/x86_64-linux-gnu/libc-2.19.so
7ff74aafa000-7ff74aafe000 r--p 001ba000 08:06 23731445                   /lib/x86_64-linux-gnu/libc-2.19.so
7ff74aafe000-7ff74ab00000 rw-p 001be000 08:06 23731445                   /lib/x86_64-linux-gnu/libc-2.19.so
7ff74ab00000-7ff74ab05000 rw-p 00000000 00:00 0 
7ff74ab05000-7ff74ab12000 r-xp 00000000 08:06 18616411                   /usr/lib/jvm/java-7-openjdk-amd64/jre/lib/amd64/jli/libjli.so
7ff74ab12000-7ff74ad11000 ---p 0000d000 08:06 18616411                   /usr/lib/jvm/java-7-openjdk-amd64/jre/lib/amd64/jli/libjli.so
7ff74ad11000-7ff74ad12000 r--p 0000c000 08:06 18616411                   /usr/lib/jvm/java-7-openjdk-amd64/jre/lib/amd64/jli/libjli.so
7ff74ad12000-7ff74ad13000 rw-p 0000d000 08:06 18616411                   /usr/lib/jvm/java-7-openjdk-amd64/jre/lib/amd64/jli/libjli.so
7ff74ad13000-7ff74ad36000 r-xp 00000000 08:06 23731442                   /lib/x86_64-linux-gnu/ld-2.19.so
7ff74ad38000-7ff74ad3a000 rw-p 00000000 00:00 0 
7ff74ad3a000-7ff74ad3c000 r--s 00006000 08:06 17569206                   /usr/share/java/java-atk-wrapper.jar
7ff74ad3c000-7ff74ad3f000 r--s 00086000 08:06 18616396                   /usr/lib/jvm/java-7-openjdk-amd64/jre/lib/ext/localedata.jar
7ff74ad3f000-7ff74ad43000 r--s 00034000 08:06 18616393                   /usr/lib/jvm/java-7-openjdk-amd64/jre/lib/ext/sunjce_provider.jar
7ff74ad43000-7ff74ad47000 r--s 0003c000 08:06 18616392                   /usr/lib/jvm/java-7-openjdk-amd64/jre/lib/ext/sunpkcs11.jar
7ff74ad47000-7ff74ad4a000 r--s 0000f000 08:06 18616391                   /usr/lib/jvm/java-7-openjdk-amd64/jre/lib/ext/icedtea-sound.jar
7ff74ad4a000-7ff74ad4c000 r--s 00012000 08:06 18616394                   /usr/lib/jvm/java-7-openjdk-amd64/jre/lib/ext/zipfs.jar
7ff74ad4c000-7ff74ad56000 rw-p 00000000 00:00 0 
7ff74ad56000-7ff74ae0c000 rw-p 00000000 00:00 0 
7ff74ae0c000-7ff74ae0f000 ---p 00000000 00:00 0 
7ff74ae0f000-7ff74af12000 rw-p 00000000 00:00 0                          [stack:2764]
7ff74af12000-7ff74af13000 r--s 00002000 08:06 18616395                   /usr/lib/jvm/java-7-openjdk-amd64/jre/lib/ext/dnsns.jar
7ff74af13000-7ff74af29000 rw-p 00000000 00:00 0 
7ff74af29000-7ff74af31000 rw-s 00000000 08:06 23337451                   /tmp/hsperfdata_tom/2758
7ff74af31000-7ff74af32000 rw-p 00000000 00:00 0 
7ff74af32000-7ff74af33000 r--p 00000000 00:00 0 
7ff74af33000-7ff74af35000 rw-p 00000000 00:00 0 
7ff74af35000-7ff74af36000 r--p 00022000 08:06 23731442                   /lib/x86_64-linux-gnu/ld-2.19.so
7ff74af36000-7ff74af37000 rw-p 00023000 08:06 23731442                   /lib/x86_64-linux-gnu/ld-2.19.so
7ff74af37000-7ff74af38000 rw-p 00000000 00:00 0 
7ffff06f4000-7ffff0715000 rw-p 00000000 00:00 0                          [stack]
7ffff0723000-7ffff0725000 r-xp 00000000 00:00 0                          [vdso]
ffffffffff600000-ffffffffff601000 r-xp 00000000 00:00 0                  [vsyscall]

VM Arguments:
jvm_args: -agentlib:jdwp=transport=dt_socket,suspend=y,address=localhost:45710 -Dfile.encoding=UTF-8 
java_command: Radio
Launcher Type: SUN_STANDARD

Environment Variables:
PATH=/usr/local/sbin:/usr/local/bin:/usr/sbin:/usr/bin:/sbin:/bin:/usr/games:/usr/local/games
SHELL=/bin/bash
DISPLAY=:0

Signal Handlers:
SIGSEGV: [libjvm.so+0x94b4b0], sa_mask[0]=0x7ffbfeff, sa_flags=0x10000004
SIGBUS: [libjvm.so+0x94b4b0], sa_mask[0]=0x7ffbfeff, sa_flags=0x10000004
SIGFPE: [libjvm.so+0x7c3390], sa_mask[0]=0x7ffbfeff, sa_flags=0x10000004
SIGPIPE: [libjvm.so+0x7c3390], sa_mask[0]=0x7ffbfeff, sa_flags=0x10000004
SIGXFSZ: [libjvm.so+0x7c3390], sa_mask[0]=0x7ffbfeff, sa_flags=0x10000004
SIGILL: [libjvm.so+0x7c3390], sa_mask[0]=0x7ffbfeff, sa_flags=0x10000004
SIGUSR1: SIG_DFL, sa_mask[0]=0x00000000, sa_flags=0x00000000
SIGUSR2: [libjvm.so+0x7c3230], sa_mask[0]=0x00000004, sa_flags=0x10000004
SIGHUP: [libjvm.so+0x7c3410], sa_mask[0]=0x7ffbfeff, sa_flags=0x10000004
SIGINT: [libjvm.so+0x7c3410], sa_mask[0]=0x7ffbfeff, sa_flags=0x10000004
SIGTERM: [libjvm.so+0x7c3410], sa_mask[0]=0x7ffbfeff, sa_flags=0x10000004
SIGQUIT: [libjvm.so+0x7c3410], sa_mask[0]=0x7ffbfeff, sa_flags=0x10000004
SIGTRAP: SIG_DFL, sa_mask[0]=0x00000000, sa_flags=0x00000000


---------------  S Y S T E M  ---------------

OS:Ubuntu 14.04 (trusty)
uname:Linux 3.13.0-46-generic #79-Ubuntu SMP Tue Mar 10 20:06:50 UTC 2015 x86_64
libc:glibc 2.19 NPTL 2.19 
rlimit: STACK 8192k, CORE 0k, NPROC 30254, NOFILE 4096, AS infinity
load average:0.16 0.33 0.28

/proc/meminfo:
MemTotal:        3902356 kB
MemFree:         2005636 kB
Buffers:          101356 kB
Cached:           710104 kB
SwapCached:            0 kB
Active:          1116296 kB
Inactive:         633268 kB
Active(anon):     940080 kB
Inactive(anon):   153672 kB
Active(file):     176216 kB
Inactive(file):   479596 kB
Unevictable:          32 kB
Mlocked:              32 kB
SwapTotal:             0 kB
SwapFree:              0 kB
Dirty:                44 kB
Writeback:             0 kB
AnonPages:        938416 kB
Mapped:           196600 kB
Shmem:            155376 kB
Slab:              64768 kB
SReclaimable:      35352 kB
SUnreclaim:        29416 kB
KernelStack:        3568 kB
PageTables:        25516 kB
NFS_Unstable:          0 kB
Bounce:                0 kB
WritebackTmp:          0 kB
CommitLimit:     1951176 kB
Committed_AS:    3426680 kB
VmallocTotal:   34359738367 kB
VmallocUsed:      347936 kB
VmallocChunk:   34359384540 kB
HardwareCorrupted:     0 kB
AnonHugePages:    475136 kB
HugePages_Total:       0
HugePages_Free:        0
HugePages_Rsvd:        0
HugePages_Surp:        0
Hugepagesize:       2048 kB
DirectMap4k:       49864 kB
DirectMap2M:     3999744 kB


CPU:total 4 (2 cores per cpu, 2 threads per core) family 6 model 42 stepping 7, cmov, cx8, fxsr, mmx, sse, sse2, sse3, ssse3, sse4.1, sse4.2, popcnt, avx, ht, tsc, tscinvbit

/proc/cpuinfo:
processor	: 0
vendor_id	: GenuineIntel
cpu family	: 6
model		: 42
model name	: Intel(R) Core(TM) i3-2350M CPU @ 2.30GHz
stepping	: 7
microcode	: 0x25
cpu MHz		: 2300.000
cache size	: 3072 KB
physical id	: 0
siblings	: 4
core id		: 0
cpu cores	: 2
apicid		: 0
initial apicid	: 0
fpu		: yes
fpu_exception	: yes
cpuid level	: 13
wp		: yes
flags		: fpu vme de pse tsc msr pae mce cx8 apic sep mtrr pge mca cmov pat pse36 clflush dts acpi mmx fxsr sse sse2 ss ht tm pbe syscall nx rdtscp lm constant_tsc arch_perfmon pebs bts rep_good nopl xtopology nonstop_tsc aperfmperf eagerfpu pni pclmulqdq dtes64 monitor ds_cpl vmx est tm2 ssse3 cx16 xtpr pdcm pcid sse4_1 sse4_2 x2apic popcnt tsc_deadline_timer xsave avx lahf_lm arat epb xsaveopt pln pts dtherm tpr_shadow vnmi flexpriority ept vpid
bogomips	: 4589.38
clflush size	: 64
cache_alignment	: 64
address sizes	: 36 bits physical, 48 bits virtual
power management:

processor	: 1
vendor_id	: GenuineIntel
cpu family	: 6
model		: 42
model name	: Intel(R) Core(TM) i3-2350M CPU @ 2.30GHz
stepping	: 7
microcode	: 0x25
cpu MHz		: 900.000
cache size	: 3072 KB
physical id	: 0
siblings	: 4
core id		: 0
cpu cores	: 2
apicid		: 1
initial apicid	: 1
fpu		: yes
fpu_exception	: yes
cpuid level	: 13
wp		: yes
flags		: fpu vme de pse tsc msr pae mce cx8 apic sep mtrr pge mca cmov pat pse36 clflush dts acpi mmx fxsr sse sse2 ss ht tm pbe syscall nx rdtscp lm constant_tsc arch_perfmon pebs bts rep_good nopl xtopology nonstop_tsc aperfmperf eagerfpu pni pclmulqdq dtes64 monitor ds_cpl vmx est tm2 ssse3 cx16 xtpr pdcm pcid sse4_1 sse4_2 x2apic popcnt tsc_deadline_timer xsave avx lahf_lm arat epb xsaveopt pln pts dtherm tpr_shadow vnmi flexpriority ept vpid
bogomips	: 4589.38
clflush size	: 64
cache_alignment	: 64
address sizes	: 36 bits physical, 48 bits virtual
power management:

processor	: 2
vendor_id	: GenuineIntel
cpu family	: 6
model		: 42
model name	: Intel(R) Core(TM) i3-2350M CPU @ 2.30GHz
stepping	: 7
microcode	: 0x25
cpu MHz		: 2300.000
cache size	: 3072 KB
physical id	: 0
siblings	: 4
core id		: 1
cpu cores	: 2
apicid		: 2
initial apicid	: 2
fpu		: yes
fpu_exception	: yes
cpuid level	: 13
wp		: yes
flags		: fpu vme de pse tsc msr pae mce cx8 apic sep mtrr pge mca cmov pat pse36 clflush dts acpi mmx fxsr sse sse2 ss ht tm pbe syscall nx rdtscp lm constant_tsc arch_perfmon pebs bts rep_good nopl xtopology nonstop_tsc aperfmperf eagerfpu pni pclmulqdq dtes64 monitor ds_cpl vmx est tm2 ssse3 cx16 xtpr pdcm pcid sse4_1 sse4_2 x2apic popcnt tsc_deadline_timer xsave avx lahf_lm arat epb xsaveopt pln pts dtherm tpr_shadow vnmi flexpriority ept vpid
bogomips	: 4589.38
clflush size	: 64
cache_alignment	: 64
address sizes	: 36 bits physical, 48 bits virtual
power management:

processor	: 3
vendor_id	: GenuineIntel
cpu family	: 6
model		: 42
model name	: Intel(R) Core(TM) i3-2350M CPU @ 2.30GHz
stepping	: 7
microcode	: 0x25
cpu MHz		: 800.000
cache size	: 3072 KB
physical id	: 0
siblings	: 4
core id		: 1
cpu cores	: 2
apicid		: 3
initial apicid	: 3
fpu		: yes
fpu_exception	: yes
cpuid level	: 13
wp		: yes
flags		: fpu vme de pse tsc msr pae mce cx8 apic sep mtrr pge mca cmov pat pse36 clflush dts acpi mmx fxsr sse sse2 ss ht tm pbe syscall nx rdtscp lm constant_tsc arch_perfmon pebs bts rep_good nopl xtopology nonstop_tsc aperfmperf eagerfpu pni pclmulqdq dtes64 monitor ds_cpl vmx est tm2 ssse3 cx16 xtpr pdcm pcid sse4_1 sse4_2 x2apic popcnt tsc_deadline_timer xsave avx lahf_lm arat epb xsaveopt pln pts dtherm tpr_shadow vnmi flexpriority ept vpid
bogomips	: 4589.38
clflush size	: 64
cache_alignment	: 64
address sizes	: 36 bits physical, 48 bits virtual
power management:



Memory: 4k page, physical 3902356k(2005636k free), swap 0k(0k free)

vm_info: OpenJDK 64-Bit Server VM (24.75-b04) for linux-amd64 JRE (1.7.0_75-b13), built on Jan 27 2015 00:38:59 by "buildd" with gcc 4.8.2

time: Thu Mar 19 00:59:08 2015
elapsed time: 264 seconds

