#
# A fatal error has been detected by the Java Runtime Environment:
#
#  SIGSEGV (0xb) at pc=0x00007f1b77b5eb07, pid=5899, tid=139755646854912
#
# JRE version: OpenJDK Runtime Environment (7.0_75-b13) (build 1.7.0_75-b13)
# Java VM: OpenJDK 64-Bit Server VM (24.75-b04 mixed mode linux-amd64 compressed oops)
# Derivative: IcedTea 2.5.4
# Distribution: Ubuntu 14.04 LTS, package 7u75-2.5.4-1~trusty1
# Problematic frame:
# V  [libjvm.so+0x5e8b07]  java_lang_String::length(oopDesc*) [clone .part.108]+0x37
#
# Failed to write core dump. Core dumps have been disabled. To enable core dumping, try "ulimit -c unlimited" before starting Java again
#
# If you would like to submit a bug report, please include
# instructions on how to reproduce the bug and visit:
#   http://icedtea.classpath.org/bugzilla
#

---------------  T H R E A D  ---------------

Current thread (0x00007f1b700b5000):  JavaThread "JDWP Transport Listener: dt_socket" daemon [_thread_in_vm, id=5916, stack(0x00007f1b659fa000,0x00007f1b65afb000)]

siginfo:si_signo=SIGSEGV: si_errno=0, si_code=1 (SEGV_MAPERR), si_addr=0x000000000000000c

Registers:
RAX=0x0000000000000000, RBX=0x0000000000000001, RCX=0x00007f1b787ab320, RDX=0x000000000000000c
RSP=0x00007f1b65af9a10, RBP=0x00007f1b65af9a10, RSI=0x00007f1b701373f0, RDI=0x00000000ec319ec0
R8 =0x0000000000000001, R9 =0x00007f1b40000078, R10=0x0000000000000000, R11=0x0000000000000206
R12=0x0000000000000000, R13=0x0000000000000000, R14=0x00007f1b65af9b80, R15=0x0000000000000000
RIP=0x00007f1b77b5eb07, EFLAGS=0x0000000000010246, CSGSFS=0x0000000000000033, ERR=0x0000000000000004
  TRAPNO=0x000000000000000e

Top of Stack: (sp=0x00007f1b65af9a10)
0x00007f1b65af9a10:   00007f1b65af9a40 00007f1b77b5f5d5
0x00007f1b65af9a20:   00007f1b65af9a60 00007f1b700b5000
0x00007f1b65af9a30:   00007f1b701373f0 00000000ec319ec0
0x00007f1b65af9a40:   00007f1b65af9ab0 00007f1b77b6fc02
0x00007f1b65af9a50:   00007f1b700b51d8 00007f1b7670df00
0x00007f1b65af9a60:   00007f1b700b5000 0000000000000000
0x00007f1b65af9a70:   00007f1b700b51d8 00007f1b701373f0
0x00007f1b65af9a80:   00007f1b65af9b50 00007f1b700b51d8
0x00007f1b65af9a90:   00007f1b7670df00 00007f1b701373f0
0x00007f1b65af9aa0:   00007f1b65af9b80 00007f1b7670df00
0x00007f1b65af9ab0:   00007f1b65af9af0 00007f1b764dc022
0x00007f1b65af9ac0:   00007f1b65af9b50 0000000000010a00
0x00007f1b65af9ad0:   00007f1b65af9b50 000000000000000a
0x00007f1b65af9ae0:   00007f1b65af9b80 00007f1b7670df00
0x00007f1b65af9af0:   00007f1b65af9d40 00007f1b764e4688
0x00007f1b65af9b00:   0000142200000013 00007f1b40010a00
0x00007f1b65af9b10:   00007f1b38000c00 00007f1b700ac750
0x00007f1b65af9b20:   00007f1b78359e28 00007f1b38000b01
0x00007f1b65af9b30:   0000142200000013 00007f1b40010a00
0x00007f1b65af9b40:   00007f1b38000c00 00007f1b700ac768
0x00007f1b65af9b50:   00007f1b38000c08 000000000000000b
0x00007f1b65af9b60:   0000142200000013 00007f1b40010a00
0x00007f1b65af9b70:   00007f1b38000c00 00007f1b400040b0
0x00007f1b65af9b80:   00007f1b65af9bd0 000000000000012c
0x00007f1b65af9b90:   00007f1b65af9b98 00007f1b00000000
0x00007f1b65af9ba0:   00007f1b65af9bd0 0000000000000000
0x00007f1b65af9bb0:   00007f0000000000 0000142200000013
0x00007f1b65af9bc0:   00007f1b00009c80 00007f1b65af9bd0
0x00007f1b65af9bd0:   6e69616d04000000 0000000000000000
0x00007f1b65af9be0:   7369687404000000 76616a4c12000000
0x00007f1b65af9bf0:   532f676e616c2f61 00003b676e697274
0x00007f1b65af9c00:   0000430000000000 0000000000000000 

Instructions: (pc=0x00007f1b77b5eb07)
0x00007f1b77b5eae7:   8b 14 07 31 c0 85 d2 74 12 89 d0 48 8d 15 27 99
0x00007f1b77b5eaf7:   7d 00 8b 4a 08 48 d3 e0 48 03 02 ba 0c 00 00 00
0x00007f1b77b5eb07:   8b 04 10 5d c3 0f 1f 40 00 48 8b 04 07 ba 10 00
0x00007f1b77b5eb17:   00 00 5d 8b 04 10 c3 66 90 55 48 8d 46 10 48 89 

Register to memory mapping:

RAX=0x0000000000000000 is an unknown value
RBX=0x0000000000000001 is an unknown value
RCX=0x00007f1b787ab320: <offset 0x219320> in /lib/x86_64-linux-gnu/libpthread.so.0 at 0x00007f1b78592000
RDX=0x000000000000000c is an unknown value
RSP=0x00007f1b65af9a10 is pointing into the stack for thread: 0x00007f1b700b5000
RBP=0x00007f1b65af9a10 is pointing into the stack for thread: 0x00007f1b700b5000
RSI=0x00007f1b701373f0 is a global jni handle
RDI=0x00000000ec319ec0 is an oop
java.lang.String 
 - klass: 'java/lang/String'
R8 =0x0000000000000001 is an unknown value
R9 =0x00007f1b40000078 is an unknown value
R10=0x0000000000000000 is an unknown value
R11=0x0000000000000206 is an unknown value
R12=0x0000000000000000 is an unknown value
R13=0x0000000000000000 is an unknown value
R14=0x00007f1b65af9b80 is pointing into the stack for thread: 0x00007f1b700b5000
R15=0x0000000000000000 is an unknown value


Stack: [0x00007f1b659fa000,0x00007f1b65afb000],  sp=0x00007f1b65af9a10,  free space=1022k
Native frames: (J=compiled Java code, j=interpreted, Vv=VM code, C=native code)
V  [libjvm.so+0x5e8b07]  java_lang_String::length(oopDesc*) [clone .part.108]+0x37
V  [libjvm.so+0x5e95d5]  java_lang_String::utf8_length(oopDesc*)+0x95
V  [libjvm.so+0x5f9c02]  jni_GetStringUTFChars+0x72
C  [libjdwp.so+0x9022]
C  [libjdwp.so+0x11688]
C  [libjdwp.so+0x23795]
V  [libjvm.so+0x6aa50b]  JvmtiAgentThread::start_function_wrapper(JavaThread*, Thread*)+0x9b
V  [libjvm.so+0x900940]  JavaThread::thread_main_inner()+0xf0
V  [libjvm.so+0x900bb1]  JavaThread::run()+0x221
V  [libjvm.so+0x7c4a42]  java_start(Thread*)+0xf2


---------------  P R O C E S S  ---------------

Java Threads: ( => current thread )
  0x00007f1b700c0800 JavaThread "Service Thread" daemon [_thread_blocked, id=5925, stack(0x00007f1b654f5000,0x00007f1b655f6000)]
  0x00007f1b700be000 JavaThread "C2 CompilerThread1" daemon [_thread_blocked, id=5924, stack(0x00007f1b655f6000,0x00007f1b656f7000)]
  0x00007f1b700bb000 JavaThread "C2 CompilerThread0" daemon [_thread_blocked, id=5923, stack(0x00007f1b656f7000,0x00007f1b657f8000)]
  0x00007f1b40001000 JavaThread "JDWP Command Reader" daemon [_thread_in_native, id=5920, stack(0x00007f1b657f8000,0x00007f1b658f9000)]
  0x00007f1b700b8800 JavaThread "JDWP Event Helper Thread" daemon [_thread_blocked, id=5918, stack(0x00007f1b658f9000,0x00007f1b659fa000)]
=>0x00007f1b700b5000 JavaThread "JDWP Transport Listener: dt_socket" daemon [_thread_in_vm, id=5916, stack(0x00007f1b659fa000,0x00007f1b65afb000)]
  0x00007f1b700a8800 JavaThread "Signal Dispatcher" daemon [_thread_blocked, id=5914, stack(0x00007f1b6c0f1000,0x00007f1b6c1f2000)]
  0x00007f1b7007e000 JavaThread "Finalizer" daemon [_thread_blocked, id=5913, stack(0x00007f1b6c1f2000,0x00007f1b6c2f3000)]
  0x00007f1b7007c000 JavaThread "Reference Handler" daemon [_thread_blocked, id=5912, stack(0x00007f1b6c2f3000,0x00007f1b6c3f4000)]
  0x00007f1b7000c800 JavaThread "main" [_thread_blocked, id=5905, stack(0x00007f1b79081000,0x00007f1b79182000)]

Other Threads:
  0x00007f1b70077800 VMThread [stack: 0x00007f1b6c3f4000,0x00007f1b6c4f5000] [id=5911]
  0x00007f1b700cb000 WatcherThread [stack: 0x00007f1b653f4000,0x00007f1b654f5000] [id=5926]

VM state:not at safepoint (normal execution)

VM Mutex/Monitor currently owned by a thread: None

Heap
 PSYoungGen      total 17920K, used 1230K [0x00000000ec200000, 0x00000000ed600000, 0x0000000100000000)
  eden space 15360K, 8% used [0x00000000ec200000,0x00000000ec333840,0x00000000ed100000)
  from space 2560K, 0% used [0x00000000ed380000,0x00000000ed380000,0x00000000ed600000)
  to   space 2560K, 0% used [0x00000000ed100000,0x00000000ed100000,0x00000000ed380000)
 ParOldGen       total 40448K, used 0K [0x00000000c4600000, 0x00000000c6d80000, 0x00000000ec200000)
  object space 40448K, 0% used [0x00000000c4600000,0x00000000c4600000,0x00000000c6d80000)
 PSPermGen       total 21504K, used 3483K [0x00000000ba000000, 0x00000000bb500000, 0x00000000c4600000)
  object space 21504K, 16% used [0x00000000ba000000,0x00000000ba366f18,0x00000000bb500000)

Card table byte_map: [0x00007f1b74f77000,0x00007f1b751a8000] byte_map_base: 0x00007f1b749a7000

Polling page: 0x00007f1b791a7000

Code Cache  [0x00007f1b6d000000, 0x00007f1b6d270000, 0x00007f1b70000000)
 total_blobs=167 nmethods=0 adapters=144 free_code_cache=48772Kb largest_free_block=49942528

Compilation events (0 events):
No events

GC Heap History (0 events):
No events

Deoptimization events (0 events):
No events

Internal exceptions (10 events):
Event: 0.247 Thread 0x00007f1b7000c800 Threw 0x00000000ec247578 at /build/buildd/openjdk-7-7u75-2.5.4/build/openjdk/hotspot/src/share/vm/prims/jni.cpp:721
Event: 0.247 Thread 0x00007f1b7000c800 Threw 0x00000000ec2476f8 at /build/buildd/openjdk-7-7u75-2.5.4/build/openjdk/hotspot/src/share/vm/prims/jvm.cpp:1284
Event: 0.247 Thread 0x00007f1b7000c800 Threw 0x00000000ec247820 at /build/buildd/openjdk-7-7u75-2.5.4/build/openjdk/hotspot/src/share/vm/prims/jvm.cpp:1284
Event: 0.248 Thread 0x00007f1b7000c800 Threw 0x00000000ec24aac8 at /build/buildd/openjdk-7-7u75-2.5.4/build/openjdk/hotspot/src/share/vm/prims/jvm.cpp:1284
Event: 0.330 Thread 0x00007f1b7000c800 Threw 0x00000000ec3071b0 at /build/buildd/openjdk-7-7u75-2.5.4/build/openjdk/hotspot/src/share/vm/prims/jvm.cpp:1284
Event: 0.331 Thread 0x00007f1b7000c800 Threw 0x00000000ec3072d8 at /build/buildd/openjdk-7-7u75-2.5.4/build/openjdk/hotspot/src/share/vm/prims/jvm.cpp:1284
Event: 0.336 Thread 0x00007f1b7000c800 Threw 0x00000000ec309888 at /build/buildd/openjdk-7-7u75-2.5.4/build/openjdk/hotspot/src/share/vm/prims/jvm.cpp:1284
Event: 0.336 Thread 0x00007f1b7000c800 Threw 0x00000000ec3099b0 at /build/buildd/openjdk-7-7u75-2.5.4/build/openjdk/hotspot/src/share/vm/prims/jvm.cpp:1284
Event: 0.337 Thread 0x00007f1b7000c800 Threw 0x00000000ec30a2b0 at /build/buildd/openjdk-7-7u75-2.5.4/build/openjdk/hotspot/src/share/vm/prims/jvm.cpp:1284
Event: 0.337 Thread 0x00007f1b7000c800 Threw 0x00000000ec30a3d8 at /build/buildd/openjdk-7-7u75-2.5.4/build/openjdk/hotspot/src/share/vm/prims/jvm.cpp:1284

Events (10 events):
Event: 68.864 Executing VM operation: GetCurrentLocation
Event: 68.864 Executing VM operation: GetCurrentLocation done
Event: 68.864 Executing VM operation: ChangeSingleStep
Event: 68.864 Executing VM operation: ChangeSingleStep done
Event: 68.865 Executing VM operation: ChangeSingleStep
Event: 68.865 Executing VM operation: ChangeSingleStep done
Event: 68.879 Executing VM operation: GetOrSetLocal
Event: 68.879 Executing VM operation: GetOrSetLocal done
Event: 68.889 Executing VM operation: GetOrSetLocal
Event: 68.889 Executing VM operation: GetOrSetLocal done


Dynamic libraries:
00400000-00401000 r-xp 00000000 08:06 18744437                           /usr/lib/jvm/java-7-openjdk-amd64/jre/bin/java
00600000-00601000 r--p 00000000 08:06 18744437                           /usr/lib/jvm/java-7-openjdk-amd64/jre/bin/java
00601000-00602000 rw-p 00001000 08:06 18744437                           /usr/lib/jvm/java-7-openjdk-amd64/jre/bin/java
013c8000-013e9000 rw-p 00000000 00:00 0                                  [heap]
ba000000-bb500000 rw-p 00000000 00:00 0 
bb500000-c4600000 rw-p 00000000 00:00 0 
c4600000-c6d80000 rw-p 00000000 00:00 0 
c6d80000-ec200000 rw-p 00000000 00:00 0 
ec200000-ed600000 rw-p 00000000 00:00 0 
ed600000-100000000 rw-p 00000000 00:00 0 
7f1b28000000-7f1b28021000 rw-p 00000000 00:00 0 
7f1b28021000-7f1b2c000000 ---p 00000000 00:00 0 
7f1b30000000-7f1b30021000 rw-p 00000000 00:00 0 
7f1b30021000-7f1b34000000 ---p 00000000 00:00 0 
7f1b34000000-7f1b34021000 rw-p 00000000 00:00 0 
7f1b34021000-7f1b38000000 ---p 00000000 00:00 0 
7f1b38000000-7f1b38021000 rw-p 00000000 00:00 0 
7f1b38021000-7f1b3c000000 ---p 00000000 00:00 0 
7f1b3c000000-7f1b3c021000 rw-p 00000000 00:00 0 
7f1b3c021000-7f1b40000000 ---p 00000000 00:00 0 
7f1b40000000-7f1b40021000 rw-p 00000000 00:00 0 
7f1b40021000-7f1b44000000 ---p 00000000 00:00 0 
7f1b44000000-7f1b44021000 rw-p 00000000 00:00 0 
7f1b44021000-7f1b48000000 ---p 00000000 00:00 0 
7f1b48000000-7f1b48021000 rw-p 00000000 00:00 0 
7f1b48021000-7f1b4c000000 ---p 00000000 00:00 0 
7f1b4c000000-7f1b4c021000 rw-p 00000000 00:00 0 
7f1b4c021000-7f1b50000000 ---p 00000000 00:00 0 
7f1b50000000-7f1b50021000 rw-p 00000000 00:00 0 
7f1b50021000-7f1b54000000 ---p 00000000 00:00 0 
7f1b54000000-7f1b54021000 rw-p 00000000 00:00 0 
7f1b54021000-7f1b58000000 ---p 00000000 00:00 0 
7f1b58000000-7f1b58021000 rw-p 00000000 00:00 0 
7f1b58021000-7f1b5c000000 ---p 00000000 00:00 0 
7f1b5c000000-7f1b5c021000 rw-p 00000000 00:00 0 
7f1b5c021000-7f1b60000000 ---p 00000000 00:00 0 
7f1b60000000-7f1b60021000 rw-p 00000000 00:00 0 
7f1b60021000-7f1b64000000 ---p 00000000 00:00 0 
7f1b65293000-7f1b653f4000 rw-p 00000000 00:00 0 
7f1b653f4000-7f1b653f5000 ---p 00000000 00:00 0 
7f1b653f5000-7f1b654f5000 rw-p 00000000 00:00 0                          [stack:5926]
7f1b654f5000-7f1b654f8000 ---p 00000000 00:00 0 
7f1b654f8000-7f1b655f6000 rw-p 00000000 00:00 0                          [stack:5925]
7f1b655f6000-7f1b655f9000 ---p 00000000 00:00 0 
7f1b655f9000-7f1b656f7000 rw-p 00000000 00:00 0                          [stack:5924]
7f1b656f7000-7f1b656fa000 ---p 00000000 00:00 0 
7f1b656fa000-7f1b657f8000 rw-p 00000000 00:00 0                          [stack:5923]
7f1b657f8000-7f1b657fb000 ---p 00000000 00:00 0 
7f1b657fb000-7f1b658f9000 rw-p 00000000 00:00 0                          [stack:5920]
7f1b658f9000-7f1b658fc000 ---p 00000000 00:00 0 
7f1b658fc000-7f1b659fa000 rw-p 00000000 00:00 0                          [stack:5918]
7f1b659fa000-7f1b659fd000 ---p 00000000 00:00 0 
7f1b659fd000-7f1b65afb000 rw-p 00000000 00:00 0                          [stack:5916]
7f1b65afb000-7f1b65aff000 r-xp 00000000 08:06 18617925                   /usr/lib/jvm/java-7-openjdk-amd64/jre/lib/amd64/libdt_socket.so
7f1b65aff000-7f1b65cfe000 ---p 00004000 08:06 18617925                   /usr/lib/jvm/java-7-openjdk-amd64/jre/lib/amd64/libdt_socket.so
7f1b65cfe000-7f1b65cff000 r--p 00003000 08:06 18617925                   /usr/lib/jvm/java-7-openjdk-amd64/jre/lib/amd64/libdt_socket.so
7f1b65cff000-7f1b65d00000 rw-p 00004000 08:06 18617925                   /usr/lib/jvm/java-7-openjdk-amd64/jre/lib/amd64/libdt_socket.so
7f1b65d00000-7f1b68000000 rw-p 00000000 00:00 0 
7f1b68000000-7f1b68021000 rw-p 00000000 00:00 0 
7f1b68021000-7f1b6c000000 ---p 00000000 00:00 0 
7f1b6c018000-7f1b6c0f1000 rw-p 00000000 00:00 0 
7f1b6c0f1000-7f1b6c0f4000 ---p 00000000 00:00 0 
7f1b6c0f4000-7f1b6c1f2000 rw-p 00000000 00:00 0                          [stack:5914]
7f1b6c1f2000-7f1b6c1f5000 ---p 00000000 00:00 0 
7f1b6c1f5000-7f1b6c2f3000 rw-p 00000000 00:00 0                          [stack:5913]
7f1b6c2f3000-7f1b6c2f6000 ---p 00000000 00:00 0 
7f1b6c2f6000-7f1b6c3f4000 rw-p 00000000 00:00 0                          [stack:5912]
7f1b6c3f4000-7f1b6c3f5000 ---p 00000000 00:00 0 
7f1b6c3f5000-7f1b6d000000 rw-p 00000000 00:00 0                          [stack:5911]
7f1b6d000000-7f1b6d270000 rwxp 00000000 00:00 0 
7f1b6d270000-7f1b70155000 rw-p 00000000 00:00 0 
7f1b70155000-7f1b74000000 ---p 00000000 00:00 0 
7f1b74015000-7f1b74507000 rw-p 00000000 00:00 0 
7f1b74507000-7f1b746b9000 r--s 01d23000 08:06 18616388                   /usr/lib/jvm/java-7-openjdk-amd64/jre/lib/rt.jar
7f1b746b9000-7f1b749e2000 rw-p 00000000 00:00 0 
7f1b749e2000-7f1b749e3000 ---p 00000000 00:00 0 
7f1b749e3000-7f1b74ae3000 rw-p 00000000 00:00 0                          [stack:5910]
7f1b74ae3000-7f1b74ae4000 ---p 00000000 00:00 0 
7f1b74ae4000-7f1b74be4000 rw-p 00000000 00:00 0                          [stack:5909]
7f1b74be4000-7f1b74be5000 ---p 00000000 00:00 0 
7f1b74be5000-7f1b74ce5000 rw-p 00000000 00:00 0                          [stack:5908]
7f1b74ce5000-7f1b74ce6000 ---p 00000000 00:00 0 
7f1b74ce6000-7f1b74df1000 rw-p 00000000 00:00 0                          [stack:5907]
7f1b74df1000-7f1b74e39000 rw-p 00000000 00:00 0 
7f1b74e39000-7f1b74e4d000 rw-p 00000000 00:00 0 
7f1b74e4d000-7f1b74f77000 rw-p 00000000 00:00 0 
7f1b74f77000-7f1b74f82000 rw-p 00000000 00:00 0 
7f1b74f82000-7f1b74fca000 rw-p 00000000 00:00 0 
7f1b74fca000-7f1b74fde000 rw-p 00000000 00:00 0 
7f1b74fde000-7f1b75108000 rw-p 00000000 00:00 0 
7f1b75108000-7f1b75112000 rw-p 00000000 00:00 0 
7f1b75112000-7f1b751a7000 rw-p 00000000 00:00 0 
7f1b751a7000-7f1b751a8000 rw-p 00000000 00:00 0 
7f1b751a8000-7f1b751b0000 r-xp 00000000 08:06 18617929                   /usr/lib/jvm/java-7-openjdk-amd64/jre/lib/amd64/libzip.so
7f1b751b0000-7f1b753af000 ---p 00008000 08:06 18617929                   /usr/lib/jvm/java-7-openjdk-amd64/jre/lib/amd64/libzip.so
7f1b753af000-7f1b753b0000 r--p 00007000 08:06 18617929                   /usr/lib/jvm/java-7-openjdk-amd64/jre/lib/amd64/libzip.so
7f1b753b0000-7f1b753b1000 rw-p 00008000 08:06 18617929                   /usr/lib/jvm/java-7-openjdk-amd64/jre/lib/amd64/libzip.so
7f1b753b1000-7f1b753bc000 r-xp 00000000 08:06 23731387                   /lib/x86_64-linux-gnu/libnss_files-2.19.so
7f1b753bc000-7f1b755bb000 ---p 0000b000 08:06 23731387                   /lib/x86_64-linux-gnu/libnss_files-2.19.so
7f1b755bb000-7f1b755bc000 r--p 0000a000 08:06 23731387                   /lib/x86_64-linux-gnu/libnss_files-2.19.so
7f1b755bc000-7f1b755bd000 rw-p 0000b000 08:06 23731387                   /lib/x86_64-linux-gnu/libnss_files-2.19.so
7f1b755bd000-7f1b755c8000 r-xp 00000000 08:06 23731384                   /lib/x86_64-linux-gnu/libnss_nis-2.19.so
7f1b755c8000-7f1b757c7000 ---p 0000b000 08:06 23731384                   /lib/x86_64-linux-gnu/libnss_nis-2.19.so
7f1b757c7000-7f1b757c8000 r--p 0000a000 08:06 23731384                   /lib/x86_64-linux-gnu/libnss_nis-2.19.so
7f1b757c8000-7f1b757c9000 rw-p 0000b000 08:06 23731384                   /lib/x86_64-linux-gnu/libnss_nis-2.19.so
7f1b757c9000-7f1b757e0000 r-xp 00000000 08:06 23731378                   /lib/x86_64-linux-gnu/libnsl-2.19.so
7f1b757e0000-7f1b759df000 ---p 00017000 08:06 23731378                   /lib/x86_64-linux-gnu/libnsl-2.19.so
7f1b759df000-7f1b759e0000 r--p 00016000 08:06 23731378                   /lib/x86_64-linux-gnu/libnsl-2.19.so
7f1b759e0000-7f1b759e1000 rw-p 00017000 08:06 23731378                   /lib/x86_64-linux-gnu/libnsl-2.19.so
7f1b759e1000-7f1b759e3000 rw-p 00000000 00:00 0 
7f1b759e3000-7f1b759ec000 r-xp 00000000 08:06 23731183                   /lib/x86_64-linux-gnu/libnss_compat-2.19.so
7f1b759ec000-7f1b75beb000 ---p 00009000 08:06 23731183                   /lib/x86_64-linux-gnu/libnss_compat-2.19.so
7f1b75beb000-7f1b75bec000 r--p 00008000 08:06 23731183                   /lib/x86_64-linux-gnu/libnss_compat-2.19.so
7f1b75bec000-7f1b75bed000 rw-p 00009000 08:06 23731183                   /lib/x86_64-linux-gnu/libnss_compat-2.19.so
7f1b75bed000-7f1b762cf000 r--p 00000000 08:06 17177169                   /usr/lib/locale/locale-archive
7f1b762cf000-7f1b762d2000 r-xp 00000000 08:06 18616410                   /usr/lib/jvm/java-7-openjdk-amd64/jre/lib/amd64/libnpt.so
7f1b762d2000-7f1b764d1000 ---p 00003000 08:06 18616410                   /usr/lib/jvm/java-7-openjdk-amd64/jre/lib/amd64/libnpt.so
7f1b764d1000-7f1b764d2000 r--p 00002000 08:06 18616410                   /usr/lib/jvm/java-7-openjdk-amd64/jre/lib/amd64/libnpt.so
7f1b764d2000-7f1b764d3000 rw-p 00003000 08:06 18616410                   /usr/lib/jvm/java-7-openjdk-amd64/jre/lib/amd64/libnpt.so
7f1b764d3000-7f1b7650d000 r-xp 00000000 08:06 18616416                   /usr/lib/jvm/java-7-openjdk-amd64/jre/lib/amd64/libjdwp.so
7f1b7650d000-7f1b7670c000 ---p 0003a000 08:06 18616416                   /usr/lib/jvm/java-7-openjdk-amd64/jre/lib/amd64/libjdwp.so
7f1b7670c000-7f1b7670d000 r--p 00039000 08:06 18616416                   /usr/lib/jvm/java-7-openjdk-amd64/jre/lib/amd64/libjdwp.so
7f1b7670d000-7f1b7670e000 rw-p 0003a000 08:06 18616416                   /usr/lib/jvm/java-7-openjdk-amd64/jre/lib/amd64/libjdwp.so
7f1b7670e000-7f1b76739000 r-xp 00000000 08:06 18617899                   /usr/lib/jvm/java-7-openjdk-amd64/jre/lib/amd64/libjava.so
7f1b76739000-7f1b76939000 ---p 0002b000 08:06 18617899                   /usr/lib/jvm/java-7-openjdk-amd64/jre/lib/amd64/libjava.so
7f1b76939000-7f1b7693a000 r--p 0002b000 08:06 18617899                   /usr/lib/jvm/java-7-openjdk-amd64/jre/lib/amd64/libjava.so
7f1b7693a000-7f1b7693c000 rw-p 0002c000 08:06 18617899                   /usr/lib/jvm/java-7-openjdk-amd64/jre/lib/amd64/libjava.so
7f1b7693c000-7f1b7694c000 r-xp 00000000 08:06 18617897                   /usr/lib/jvm/java-7-openjdk-amd64/jre/lib/amd64/libverify.so
7f1b7694c000-7f1b76b4b000 ---p 00010000 08:06 18617897                   /usr/lib/jvm/java-7-openjdk-amd64/jre/lib/amd64/libverify.so
7f1b76b4b000-7f1b76b4d000 r--p 0000f000 08:06 18617897                   /usr/lib/jvm/java-7-openjdk-amd64/jre/lib/amd64/libverify.so
7f1b76b4d000-7f1b76b4e000 rw-p 00011000 08:06 18617897                   /usr/lib/jvm/java-7-openjdk-amd64/jre/lib/amd64/libverify.so
7f1b76b4e000-7f1b76b55000 r-xp 00000000 08:06 23726408                   /lib/x86_64-linux-gnu/librt-2.19.so
7f1b76b55000-7f1b76d54000 ---p 00007000 08:06 23726408                   /lib/x86_64-linux-gnu/librt-2.19.so
7f1b76d54000-7f1b76d55000 r--p 00006000 08:06 23726408                   /lib/x86_64-linux-gnu/librt-2.19.so
7f1b76d55000-7f1b76d56000 rw-p 00007000 08:06 23726408                   /lib/x86_64-linux-gnu/librt-2.19.so
7f1b76d56000-7f1b76d6c000 r-xp 00000000 08:06 23725221                   /lib/x86_64-linux-gnu/libgcc_s.so.1
7f1b76d6c000-7f1b76f6b000 ---p 00016000 08:06 23725221                   /lib/x86_64-linux-gnu/libgcc_s.so.1
7f1b76f6b000-7f1b76f6c000 rw-p 00015000 08:06 23725221                   /lib/x86_64-linux-gnu/libgcc_s.so.1
7f1b76f6c000-7f1b77071000 r-xp 00000000 08:06 23731377                   /lib/x86_64-linux-gnu/libm-2.19.so
7f1b77071000-7f1b77270000 ---p 00105000 08:06 23731377                   /lib/x86_64-linux-gnu/libm-2.19.so
7f1b77270000-7f1b77271000 r--p 00104000 08:06 23731377                   /lib/x86_64-linux-gnu/libm-2.19.so
7f1b77271000-7f1b77272000 rw-p 00105000 08:06 23731377                   /lib/x86_64-linux-gnu/libm-2.19.so
7f1b77272000-7f1b77358000 r-xp 00000000 08:06 17179060                   /usr/lib/x86_64-linux-gnu/libstdc++.so.6.0.19
7f1b77358000-7f1b77557000 ---p 000e6000 08:06 17179060                   /usr/lib/x86_64-linux-gnu/libstdc++.so.6.0.19
7f1b77557000-7f1b7755f000 r--p 000e5000 08:06 17179060                   /usr/lib/x86_64-linux-gnu/libstdc++.so.6.0.19
7f1b7755f000-7f1b77561000 rw-p 000ed000 08:06 17179060                   /usr/lib/x86_64-linux-gnu/libstdc++.so.6.0.19
7f1b77561000-7f1b77576000 rw-p 00000000 00:00 0 
7f1b77576000-7f1b7808e000 r-xp 00000000 08:06 18617907                   /usr/lib/jvm/java-7-openjdk-amd64/jre/lib/amd64/server/libjvm.so
7f1b7808e000-7f1b7828e000 ---p 00b18000 08:06 18617907                   /usr/lib/jvm/java-7-openjdk-amd64/jre/lib/amd64/server/libjvm.so
7f1b7828e000-7f1b78328000 r--p 00b18000 08:06 18617907                   /usr/lib/jvm/java-7-openjdk-amd64/jre/lib/amd64/server/libjvm.so
7f1b78328000-7f1b7834b000 rw-p 00bb2000 08:06 18617907                   /usr/lib/jvm/java-7-openjdk-amd64/jre/lib/amd64/server/libjvm.so
7f1b7834b000-7f1b78379000 rw-p 00000000 00:00 0 
7f1b78379000-7f1b78391000 r-xp 00000000 08:06 23728137                   /lib/x86_64-linux-gnu/libz.so.1.2.8
7f1b78391000-7f1b78590000 ---p 00018000 08:06 23728137                   /lib/x86_64-linux-gnu/libz.so.1.2.8
7f1b78590000-7f1b78591000 r--p 00017000 08:06 23728137                   /lib/x86_64-linux-gnu/libz.so.1.2.8
7f1b78591000-7f1b78592000 rw-p 00018000 08:06 23728137                   /lib/x86_64-linux-gnu/libz.so.1.2.8
7f1b78592000-7f1b785ab000 r-xp 00000000 08:06 23731386                   /lib/x86_64-linux-gnu/libpthread-2.19.so
7f1b785ab000-7f1b787aa000 ---p 00019000 08:06 23731386                   /lib/x86_64-linux-gnu/libpthread-2.19.so
7f1b787aa000-7f1b787ab000 r--p 00018000 08:06 23731386                   /lib/x86_64-linux-gnu/libpthread-2.19.so
7f1b787ab000-7f1b787ac000 rw-p 00019000 08:06 23731386                   /lib/x86_64-linux-gnu/libpthread-2.19.so
7f1b787ac000-7f1b787b0000 rw-p 00000000 00:00 0 
7f1b787b0000-7f1b787b3000 r-xp 00000000 08:06 23731181                   /lib/x86_64-linux-gnu/libdl-2.19.so
7f1b787b3000-7f1b789b2000 ---p 00003000 08:06 23731181                   /lib/x86_64-linux-gnu/libdl-2.19.so
7f1b789b2000-7f1b789b3000 r--p 00002000 08:06 23731181                   /lib/x86_64-linux-gnu/libdl-2.19.so
7f1b789b3000-7f1b789b4000 rw-p 00003000 08:06 23731181                   /lib/x86_64-linux-gnu/libdl-2.19.so
7f1b789b4000-7f1b78b6f000 r-xp 00000000 08:06 23726399                   /lib/x86_64-linux-gnu/libc-2.19.so
7f1b78b6f000-7f1b78d6f000 ---p 001bb000 08:06 23726399                   /lib/x86_64-linux-gnu/libc-2.19.so
7f1b78d6f000-7f1b78d73000 r--p 001bb000 08:06 23726399                   /lib/x86_64-linux-gnu/libc-2.19.so
7f1b78d73000-7f1b78d75000 rw-p 001bf000 08:06 23726399                   /lib/x86_64-linux-gnu/libc-2.19.so
7f1b78d75000-7f1b78d7a000 rw-p 00000000 00:00 0 
7f1b78d7a000-7f1b78d87000 r-xp 00000000 08:06 18616411                   /usr/lib/jvm/java-7-openjdk-amd64/jre/lib/amd64/jli/libjli.so
7f1b78d87000-7f1b78f86000 ---p 0000d000 08:06 18616411                   /usr/lib/jvm/java-7-openjdk-amd64/jre/lib/amd64/jli/libjli.so
7f1b78f86000-7f1b78f87000 r--p 0000c000 08:06 18616411                   /usr/lib/jvm/java-7-openjdk-amd64/jre/lib/amd64/jli/libjli.so
7f1b78f87000-7f1b78f88000 rw-p 0000d000 08:06 18616411                   /usr/lib/jvm/java-7-openjdk-amd64/jre/lib/amd64/jli/libjli.so
7f1b78f88000-7f1b78fab000 r-xp 00000000 08:06 23726395                   /lib/x86_64-linux-gnu/ld-2.19.so
7f1b78fad000-7f1b78faf000 rw-p 00000000 00:00 0 
7f1b78faf000-7f1b78fb1000 r--s 00006000 08:06 17569206                   /usr/share/java/java-atk-wrapper.jar
7f1b78fb1000-7f1b78fb4000 r--s 00086000 08:06 18616396                   /usr/lib/jvm/java-7-openjdk-amd64/jre/lib/ext/localedata.jar
7f1b78fb4000-7f1b78fb8000 r--s 00034000 08:06 18616393                   /usr/lib/jvm/java-7-openjdk-amd64/jre/lib/ext/sunjce_provider.jar
7f1b78fb8000-7f1b78fbc000 r--s 0003c000 08:06 18616392                   /usr/lib/jvm/java-7-openjdk-amd64/jre/lib/ext/sunpkcs11.jar
7f1b78fbc000-7f1b78fbf000 r--s 0000f000 08:06 18616391                   /usr/lib/jvm/java-7-openjdk-amd64/jre/lib/ext/icedtea-sound.jar
7f1b78fbf000-7f1b78fc1000 r--s 00012000 08:06 18616394                   /usr/lib/jvm/java-7-openjdk-amd64/jre/lib/ext/zipfs.jar
7f1b78fc1000-7f1b78fcb000 rw-p 00000000 00:00 0 
7f1b78fcb000-7f1b79081000 rw-p 00000000 00:00 0 
7f1b79081000-7f1b79084000 ---p 00000000 00:00 0 
7f1b79084000-7f1b79187000 rw-p 00000000 00:00 0                          [stack:5905]
7f1b79187000-7f1b79188000 r--s 00002000 08:06 18616395                   /usr/lib/jvm/java-7-openjdk-amd64/jre/lib/ext/dnsns.jar
7f1b79188000-7f1b7919e000 rw-p 00000000 00:00 0 
7f1b7919e000-7f1b791a6000 rw-s 00000000 08:06 23465935                   /tmp/hsperfdata_tom/5899
7f1b791a6000-7f1b791a7000 rw-p 00000000 00:00 0 
7f1b791a7000-7f1b791a8000 r--p 00000000 00:00 0 
7f1b791a8000-7f1b791aa000 rw-p 00000000 00:00 0 
7f1b791aa000-7f1b791ab000 r--p 00022000 08:06 23726395                   /lib/x86_64-linux-gnu/ld-2.19.so
7f1b791ab000-7f1b791ac000 rw-p 00023000 08:06 23726395                   /lib/x86_64-linux-gnu/ld-2.19.so
7f1b791ac000-7f1b791ad000 rw-p 00000000 00:00 0 
7fff0ad08000-7fff0ad29000 rw-p 00000000 00:00 0                          [stack]
7fff0ad3d000-7fff0ad3f000 r-xp 00000000 00:00 0                          [vdso]
ffffffffff600000-ffffffffff601000 r-xp 00000000 00:00 0                  [vsyscall]

VM Arguments:
jvm_args: -agentlib:jdwp=transport=dt_socket,suspend=y,address=localhost:37589 -Dfile.encoding=UTF-8 
java_command: ArrayLists
Launcher Type: SUN_STANDARD

Environment Variables:
PATH=/usr/local/sbin:/usr/local/bin:/usr/sbin:/usr/bin:/sbin:/bin:/usr/games:/usr/local/games
SHELL=/bin/bash
DISPLAY=:0

Signal Handlers:
SIGSEGV: [libjvm.so+0x94b4b0], sa_mask[0]=0x7ffbfeff, sa_flags=0x10000004
SIGBUS: [libjvm.so+0x94b4b0], sa_mask[0]=0x7ffbfeff, sa_flags=0x10000004
SIGFPE: [libjvm.so+0x7c3390], sa_mask[0]=0x7ffbfeff, sa_flags=0x10000004
SIGPIPE: [libjvm.so+0x7c3390], sa_mask[0]=0x7ffbfeff, sa_flags=0x10000004
SIGXFSZ: [libjvm.so+0x7c3390], sa_mask[0]=0x7ffbfeff, sa_flags=0x10000004
SIGILL: [libjvm.so+0x7c3390], sa_mask[0]=0x7ffbfeff, sa_flags=0x10000004
SIGUSR1: SIG_DFL, sa_mask[0]=0x00000000, sa_flags=0x00000000
SIGUSR2: [libjvm.so+0x7c3230], sa_mask[0]=0x00000004, sa_flags=0x10000004
SIGHUP: [libjvm.so+0x7c3410], sa_mask[0]=0x7ffbfeff, sa_flags=0x10000004
SIGINT: [libjvm.so+0x7c3410], sa_mask[0]=0x7ffbfeff, sa_flags=0x10000004
SIGTERM: [libjvm.so+0x7c3410], sa_mask[0]=0x7ffbfeff, sa_flags=0x10000004
SIGQUIT: [libjvm.so+0x7c3410], sa_mask[0]=0x7ffbfeff, sa_flags=0x10000004
SIGTRAP: SIG_DFL, sa_mask[0]=0x00000000, sa_flags=0x00000000


---------------  S Y S T E M  ---------------

OS:Ubuntu 14.04 (trusty)
uname:Linux 3.13.0-45-generic #74-Ubuntu SMP Tue Jan 13 19:36:28 UTC 2015 x86_64
libc:glibc 2.19 NPTL 2.19 
rlimit: STACK 8192k, CORE 0k, NPROC 30254, NOFILE 4096, AS infinity
load average:0.73 0.84 0.87

/proc/meminfo:
MemTotal:        3902356 kB
MemFree:          139976 kB
Buffers:          101604 kB
Cached:          1749436 kB
SwapCached:            0 kB
Active:          2097320 kB
Inactive:        1444464 kB
Active(anon):    1700280 kB
Inactive(anon):   282464 kB
Active(file):     397040 kB
Inactive(file):  1162000 kB
Unevictable:          32 kB
Mlocked:              32 kB
SwapTotal:             0 kB
SwapFree:              0 kB
Dirty:               124 kB
Writeback:             0 kB
AnonPages:       1690904 kB
Mapped:           459980 kB
Shmem:            291872 kB
Slab:             117076 kB
SReclaimable:      67948 kB
SUnreclaim:        49128 kB
KernelStack:        5000 kB
PageTables:        41016 kB
NFS_Unstable:          0 kB
Bounce:                0 kB
WritebackTmp:          0 kB
CommitLimit:     1951176 kB
Committed_AS:    6038524 kB
VmallocTotal:   34359738367 kB
VmallocUsed:      347936 kB
VmallocChunk:   34359384540 kB
HardwareCorrupted:     0 kB
AnonHugePages:    733184 kB
HugePages_Total:       0
HugePages_Free:        0
HugePages_Rsvd:        0
HugePages_Surp:        0
Hugepagesize:       2048 kB
DirectMap4k:       80584 kB
DirectMap2M:     3969024 kB


CPU:total 4 (2 cores per cpu, 2 threads per core) family 6 model 42 stepping 7, cmov, cx8, fxsr, mmx, sse, sse2, sse3, ssse3, sse4.1, sse4.2, popcnt, avx, ht, tsc, tscinvbit

/proc/cpuinfo:
processor	: 0
vendor_id	: GenuineIntel
cpu family	: 6
model		: 42
model name	: Intel(R) Core(TM) i3-2350M CPU @ 2.30GHz
stepping	: 7
microcode	: 0x25
cpu MHz		: 2000.000
cache size	: 3072 KB
physical id	: 0
siblings	: 4
core id		: 0
cpu cores	: 2
apicid		: 0
initial apicid	: 0
fpu		: yes
fpu_exception	: yes
cpuid level	: 13
wp		: yes
flags		: fpu vme de pse tsc msr pae mce cx8 apic sep mtrr pge mca cmov pat pse36 clflush dts acpi mmx fxsr sse sse2 ss ht tm pbe syscall nx rdtscp lm constant_tsc arch_perfmon pebs bts rep_good nopl xtopology nonstop_tsc aperfmperf eagerfpu pni pclmulqdq dtes64 monitor ds_cpl vmx est tm2 ssse3 cx16 xtpr pdcm pcid sse4_1 sse4_2 x2apic popcnt tsc_deadline_timer xsave avx lahf_lm arat epb xsaveopt pln pts dtherm tpr_shadow vnmi flexpriority ept vpid
bogomips	: 4589.20
clflush size	: 64
cache_alignment	: 64
address sizes	: 36 bits physical, 48 bits virtual
power management:

processor	: 1
vendor_id	: GenuineIntel
cpu family	: 6
model		: 42
model name	: Intel(R) Core(TM) i3-2350M CPU @ 2.30GHz
stepping	: 7
microcode	: 0x25
cpu MHz		: 1000.000
cache size	: 3072 KB
physical id	: 0
siblings	: 4
core id		: 0
cpu cores	: 2
apicid		: 1
initial apicid	: 1
fpu		: yes
fpu_exception	: yes
cpuid level	: 13
wp		: yes
flags		: fpu vme de pse tsc msr pae mce cx8 apic sep mtrr pge mca cmov pat pse36 clflush dts acpi mmx fxsr sse sse2 ss ht tm pbe syscall nx rdtscp lm constant_tsc arch_perfmon pebs bts rep_good nopl xtopology nonstop_tsc aperfmperf eagerfpu pni pclmulqdq dtes64 monitor ds_cpl vmx est tm2 ssse3 cx16 xtpr pdcm pcid sse4_1 sse4_2 x2apic popcnt tsc_deadline_timer xsave avx lahf_lm arat epb xsaveopt pln pts dtherm tpr_shadow vnmi flexpriority ept vpid
bogomips	: 4589.20
clflush size	: 64
cache_alignment	: 64
address sizes	: 36 bits physical, 48 bits virtual
power management:

processor	: 2
vendor_id	: GenuineIntel
cpu family	: 6
model		: 42
model name	: Intel(R) Core(TM) i3-2350M CPU @ 2.30GHz
stepping	: 7
microcode	: 0x25
cpu MHz		: 1200.000
cache size	: 3072 KB
physical id	: 0
siblings	: 4
core id		: 1
cpu cores	: 2
apicid		: 2
initial apicid	: 2
fpu		: yes
fpu_exception	: yes
cpuid level	: 13
wp		: yes
flags		: fpu vme de pse tsc msr pae mce cx8 apic sep mtrr pge mca cmov pat pse36 clflush dts acpi mmx fxsr sse sse2 ss ht tm pbe syscall nx rdtscp lm constant_tsc arch_perfmon pebs bts rep_good nopl xtopology nonstop_tsc aperfmperf eagerfpu pni pclmulqdq dtes64 monitor ds_cpl vmx est tm2 ssse3 cx16 xtpr pdcm pcid sse4_1 sse4_2 x2apic popcnt tsc_deadline_timer xsave avx lahf_lm arat epb xsaveopt pln pts dtherm tpr_shadow vnmi flexpriority ept vpid
bogomips	: 4589.20
clflush size	: 64
cache_alignment	: 64
address sizes	: 36 bits physical, 48 bits virtual
power management:

processor	: 3
vendor_id	: GenuineIntel
cpu family	: 6
model		: 42
model name	: Intel(R) Core(TM) i3-2350M CPU @ 2.30GHz
stepping	: 7
microcode	: 0x25
cpu MHz		: 2300.000
cache size	: 3072 KB
physical id	: 0
siblings	: 4
core id		: 1
cpu cores	: 2
apicid		: 3
initial apicid	: 3
fpu		: yes
fpu_exception	: yes
cpuid level	: 13
wp		: yes
flags		: fpu vme de pse tsc msr pae mce cx8 apic sep mtrr pge mca cmov pat pse36 clflush dts acpi mmx fxsr sse sse2 ss ht tm pbe syscall nx rdtscp lm constant_tsc arch_perfmon pebs bts rep_good nopl xtopology nonstop_tsc aperfmperf eagerfpu pni pclmulqdq dtes64 monitor ds_cpl vmx est tm2 ssse3 cx16 xtpr pdcm pcid sse4_1 sse4_2 x2apic popcnt tsc_deadline_timer xsave avx lahf_lm arat epb xsaveopt pln pts dtherm tpr_shadow vnmi flexpriority ept vpid
bogomips	: 4589.20
clflush size	: 64
cache_alignment	: 64
address sizes	: 36 bits physical, 48 bits virtual
power management:



Memory: 4k page, physical 3902356k(139828k free), swap 0k(0k free)

vm_info: OpenJDK 64-Bit Server VM (24.75-b04) for linux-amd64 JRE (1.7.0_75-b13), built on Jan 27 2015 00:38:59 by "buildd" with gcc 4.8.2

time: Sun Feb 22 13:45:23 2015
elapsed time: 69 seconds

